[94mModel1 loaded[0m
[94mModel2 loaded[0m
[94mModel3 loaded[0m
Init dict------
<type 'tuple'>
(None, 28, 28, 4)
End init dict -----
Init dict------
<type 'tuple'>
(None, 14, 14, 4)
End init dict -----
Init dict------
<type 'tuple'>
(None, 14, 14, 12)
End init dict -----
Init dict------
<type 'tuple'>
(None, 7, 7, 12)
End init dict -----
Init dict------
<type 'tuple'>
(None, 10)
End init dict -----
Init dict------
<type 'tuple'>
(None, 10)
End init dict -----
Init dict------
<type 'tuple'>
(None, 28, 28, 6)
End init dict -----
Init dict------
<type 'tuple'>
(None, 14, 14, 6)
End init dict -----
Init dict------
<type 'tuple'>
(None, 14, 14, 16)
End init dict -----
Init dict------
<type 'tuple'>
(None, 7, 7, 16)
End init dict -----
Init dict------
<type 'tuple'>
(None, 84)
End init dict -----
Init dict------
<type 'tuple'>
(None, 10)
End init dict -----
Init dict------
<type 'tuple'>
(None, 10)
End init dict -----
Init dict------
<type 'tuple'>
(None, 28, 28, 6)
End init dict -----
Init dict------
<type 'tuple'>
(None, 14, 14, 6)
End init dict -----
Init dict------
<type 'tuple'>
(None, 14, 14, 16)
End init dict -----
Init dict------
<type 'tuple'>
(None, 7, 7, 16)
End init dict -----
Init dict------
<type 'tuple'>
(None, 120)
End init dict -----
Init dict------
<type 'tuple'>
(None, 84)
End init dict -----
Init dict------
<type 'tuple'>
(None, 10)
End init dict -----
Init dict------
<type 'tuple'>
(None, 10)
End init dict -----
Found output which causes difference in models' predictions.
[92mcovered neurons percentage 6880 neurons 0.712, 9904 neurons 0.618, 10024 neurons 0.666[0m
[92maveraged covered neurons 0.660[0m
Found output which causes difference in models' predictions.
[92mcovered neurons percentage 6880 neurons 0.832, 9904 neurons 0.750, 10024 neurons 0.793[0m
[92maveraged covered neurons 0.787[0m
Found output which causes difference in models' predictions.
[92mcovered neurons percentage 6880 neurons 0.870, 9904 neurons 0.813, 10024 neurons 0.854[0m
[92maveraged covered neurons 0.843[0m
Found output which causes difference in models' predictions.
[92mcovered neurons percentage 6880 neurons 0.890, 9904 neurons 0.841, 10024 neurons 0.878[0m
[92maveraged covered neurons 0.868[0m
Found output which causes difference in models' predictions.
[92mcovered neurons percentage 6880 neurons 0.918, 9904 neurons 0.875, 10024 neurons 0.907[0m
[92maveraged covered neurons 0.898[0m
Found output which causes difference in models' predictions.
[92mcovered neurons percentage 6880 neurons 0.923, 9904 neurons 0.885, 10024 neurons 0.917[0m
[92maveraged covered neurons 0.907[0m
Found output which causes difference in models' predictions.
[92mcovered neurons percentage 6880 neurons 0.935, 9904 neurons 0.899, 10024 neurons 0.929[0m
[92maveraged covered neurons 0.919[0m
Found output which causes difference in models' predictions.
[92mcovered neurons percentage 6880 neurons 0.939, 9904 neurons 0.906, 10024 neurons 0.936[0m
[92maveraged covered neurons 0.926[0m
Found output which causes difference in models' predictions.
[92mcovered neurons percentage 6880 neurons 0.942, 9904 neurons 0.912, 10024 neurons 0.942[0m
[92maveraged covered neurons 0.931[0m
Found output which causes difference in models' predictions.
[92mcovered neurons percentage 6880 neurons 0.944, 9904 neurons 0.915, 10024 neurons 0.946[0m
[92maveraged covered neurons 0.934[0m
Found output which causes difference in models' predictions.
[92mcovered neurons percentage 6880 neurons 0.947, 9904 neurons 0.918, 10024 neurons 0.949[0m
[92maveraged covered neurons 0.937[0m
Found output which causes difference in models' predictions.
[92mcovered neurons percentage 6880 neurons 0.956, 9904 neurons 0.927, 10024 neurons 0.958[0m
[92maveraged covered neurons 0.946[0m
Found output which causes difference in models' predictions.
[92mcovered neurons percentage 6880 neurons 0.958, 9904 neurons 0.931, 10024 neurons 0.960[0m
[92maveraged covered neurons 0.949[0m
Found output which causes difference in models' predictions.
[92mcovered neurons percentage 6880 neurons 0.959, 9904 neurons 0.933, 10024 neurons 0.962[0m
[92maveraged covered neurons 0.951[0m
Found output which causes difference in models' predictions.
[92mcovered neurons percentage 6880 neurons 0.959, 9904 neurons 0.934, 10024 neurons 0.962[0m
[92maveraged covered neurons 0.951[0m
Found output which causes difference in models' predictions.
[92mcovered neurons percentage 6880 neurons 0.959, 9904 neurons 0.935, 10024 neurons 0.962[0m
[92maveraged covered neurons 0.951[0m
Found output which causes difference in models' predictions.
[92mcovered neurons percentage 6880 neurons 0.961, 9904 neurons 0.936, 10024 neurons 0.963[0m
[92maveraged covered neurons 0.953[0m
Found output which causes difference in models' predictions.
[92mcovered neurons percentage 6880 neurons 0.962, 9904 neurons 0.937, 10024 neurons 0.964[0m
[92maveraged covered neurons 0.953[0m
Found output which causes difference in models' predictions.
[92mcovered neurons percentage 6880 neurons 0.962, 9904 neurons 0.938, 10024 neurons 0.965[0m
[92maveraged covered neurons 0.954[0m
[92minput already causes different outputs: 5, 5, 8[0m
[92mcovered neurons percentage 6880 neurons 0.965, 9904 neurons 0.944, 10024 neurons 0.970[0m
[92maveraged covered neurons 0.959[0m
Found output which causes difference in models' predictions.
[92mcovered neurons percentage 6880 neurons 0.972, 9904 neurons 0.953, 10024 neurons 0.973[0m
[92maveraged covered neurons 0.965[0m
Found output which causes difference in models' predictions.
[92mcovered neurons percentage 6880 neurons 0.972, 9904 neurons 0.953, 10024 neurons 0.974[0m
[92maveraged covered neurons 0.966[0m
Found output which causes difference in models' predictions.
[92mcovered neurons percentage 6880 neurons 0.972, 9904 neurons 0.953, 10024 neurons 0.974[0m
[92maveraged covered neurons 0.966[0m
Found output which causes difference in models' predictions.
[92mcovered neurons percentage 6880 neurons 0.972, 9904 neurons 0.953, 10024 neurons 0.974[0m
[92maveraged covered neurons 0.966[0m
Found output which causes difference in models' predictions.
[92mcovered neurons percentage 6880 neurons 0.972, 9904 neurons 0.953, 10024 neurons 0.974[0m
[92maveraged covered neurons 0.966[0m
Found output which causes difference in models' predictions.
[92mcovered neurons percentage 6880 neurons 0.972, 9904 neurons 0.954, 10024 neurons 0.974[0m
[92maveraged covered neurons 0.966[0m
Found output which causes difference in models' predictions.
[92mcovered neurons percentage 6880 neurons 0.972, 9904 neurons 0.954, 10024 neurons 0.975[0m
[92maveraged covered neurons 0.966[0m
Found output which causes difference in models' predictions.
[92mcovered neurons percentage 6880 neurons 0.972, 9904 neurons 0.954, 10024 neurons 0.975[0m
[92maveraged covered neurons 0.967[0m
Found output which causes difference in models' predictions.
[92mcovered neurons percentage 6880 neurons 0.972, 9904 neurons 0.954, 10024 neurons 0.976[0m
[92maveraged covered neurons 0.967[0m
Found output which causes difference in models' predictions.
[92mcovered neurons percentage 6880 neurons 0.972, 9904 neurons 0.955, 10024 neurons 0.976[0m
[92maveraged covered neurons 0.967[0m
Found output which causes difference in models' predictions.
[92mcovered neurons percentage 6880 neurons 0.972, 9904 neurons 0.956, 10024 neurons 0.976[0m
[92maveraged covered neurons 0.968[0m
Found output which causes difference in models' predictions.
[92mcovered neurons percentage 6880 neurons 0.972, 9904 neurons 0.956, 10024 neurons 0.976[0m
[92maveraged covered neurons 0.968[0m
Found output which causes difference in models' predictions.
[92mcovered neurons percentage 6880 neurons 0.973, 9904 neurons 0.958, 10024 neurons 0.977[0m
[92maveraged covered neurons 0.969[0m
Found output which causes difference in models' predictions.
[92mcovered neurons percentage 6880 neurons 0.973, 9904 neurons 0.958, 10024 neurons 0.977[0m
[92maveraged covered neurons 0.969[0m
Found output which causes difference in models' predictions.
[92mcovered neurons percentage 6880 neurons 0.973, 9904 neurons 0.959, 10024 neurons 0.977[0m
[92maveraged covered neurons 0.969[0m
Found output which causes difference in models' predictions.
[92mcovered neurons percentage 6880 neurons 0.974, 9904 neurons 0.962, 10024 neurons 0.978[0m
[92maveraged covered neurons 0.971[0m
Found output which causes difference in models' predictions.
[92mcovered neurons percentage 6880 neurons 0.974, 9904 neurons 0.962, 10024 neurons 0.978[0m
[92maveraged covered neurons 0.971[0m
Found output which causes difference in models' predictions.
[92mcovered neurons percentage 6880 neurons 0.976, 9904 neurons 0.963, 10024 neurons 0.980[0m
[92maveraged covered neurons 0.972[0m
Found output which causes difference in models' predictions.
[92mcovered neurons percentage 6880 neurons 0.976, 9904 neurons 0.963, 10024 neurons 0.980[0m
[92maveraged covered neurons 0.973[0m
Found output which causes difference in models' predictions.
[92mcovered neurons percentage 6880 neurons 0.976, 9904 neurons 0.963, 10024 neurons 0.980[0m
[92maveraged covered neurons 0.973[0m
Found output which causes difference in models' predictions.
[92mcovered neurons percentage 6880 neurons 0.977, 9904 neurons 0.964, 10024 neurons 0.981[0m
[92maveraged covered neurons 0.974[0m
Found output which causes difference in models' predictions.
[92mcovered neurons percentage 6880 neurons 0.977, 9904 neurons 0.964, 10024 neurons 0.982[0m
[92maveraged covered neurons 0.974[0m
Found output which causes difference in models' predictions.
[92mcovered neurons percentage 6880 neurons 0.977, 9904 neurons 0.964, 10024 neurons 0.982[0m
[92maveraged covered neurons 0.974[0m
Found output which causes difference in models' predictions.
[92mcovered neurons percentage 6880 neurons 0.977, 9904 neurons 0.964, 10024 neurons 0.982[0m
[92maveraged covered neurons 0.974[0m
[92minput already causes different outputs: 7, 2, 2[0m
[92mcovered neurons percentage 6880 neurons 0.977, 9904 neurons 0.964, 10024 neurons 0.982[0m
[92maveraged covered neurons 0.974[0m
Found output which causes difference in models' predictions.
[92mcovered neurons percentage 6880 neurons 0.977, 9904 neurons 0.964, 10024 neurons 0.982[0m
[92maveraged covered neurons 0.974[0m
Found output which causes difference in models' predictions.
[92mcovered neurons percentage 6880 neurons 0.977, 9904 neurons 0.964, 10024 neurons 0.982[0m
[92maveraged covered neurons 0.974[0m
Found output which causes difference in models' predictions.
[92mcovered neurons percentage 6880 neurons 0.977, 9904 neurons 0.965, 10024 neurons 0.982[0m
[92maveraged covered neurons 0.974[0m
Found output which causes difference in models' predictions.
[92mcovered neurons percentage 6880 neurons 0.977, 9904 neurons 0.965, 10024 neurons 0.982[0m
[92maveraged covered neurons 0.974[0m
Found output which causes difference in models' predictions.
[92mcovered neurons percentage 6880 neurons 0.977, 9904 neurons 0.965, 10024 neurons 0.983[0m
[92maveraged covered neurons 0.975[0m
Found output which causes difference in models' predictions.
[92mcovered neurons percentage 6880 neurons 0.977, 9904 neurons 0.965, 10024 neurons 0.983[0m
[92maveraged covered neurons 0.975[0m
Found output which causes difference in models' predictions.
[92mcovered neurons percentage 6880 neurons 0.977, 9904 neurons 0.966, 10024 neurons 0.983[0m
[92maveraged covered neurons 0.975[0m
Found output which causes difference in models' predictions.
[92mcovered neurons percentage 6880 neurons 0.977, 9904 neurons 0.966, 10024 neurons 0.983[0m
[92maveraged covered neurons 0.975[0m
Found output which causes difference in models' predictions.
[92mcovered neurons percentage 6880 neurons 0.978, 9904 neurons 0.967, 10024 neurons 0.983[0m
[92maveraged covered neurons 0.976[0m
Found output which causes difference in models' predictions.
[92mcovered neurons percentage 6880 neurons 0.978, 9904 neurons 0.967, 10024 neurons 0.983[0m
[92maveraged covered neurons 0.976[0m
Found output which causes difference in models' predictions.
[92mcovered neurons percentage 6880 neurons 0.978, 9904 neurons 0.967, 10024 neurons 0.983[0m
[92maveraged covered neurons 0.976[0m
[92minput already causes different outputs: 7, 2, 2[0m
[92mcovered neurons percentage 6880 neurons 0.978, 9904 neurons 0.967, 10024 neurons 0.984[0m
[92maveraged covered neurons 0.976[0m
Found output which causes difference in models' predictions.
[92mcovered neurons percentage 6880 neurons 0.979, 9904 neurons 0.967, 10024 neurons 0.984[0m
[92maveraged covered neurons 0.976[0m
Found output which causes difference in models' predictions.
[92mcovered neurons percentage 6880 neurons 0.979, 9904 neurons 0.967, 10024 neurons 0.984[0m
[92maveraged covered neurons 0.976[0m
Found output which causes difference in models' predictions.
[92mcovered neurons percentage 6880 neurons 0.979, 9904 neurons 0.967, 10024 neurons 0.984[0m
[92maveraged covered neurons 0.976[0m
Found output which causes difference in models' predictions.
[92mcovered neurons percentage 6880 neurons 0.979, 9904 neurons 0.967, 10024 neurons 0.984[0m
[92maveraged covered neurons 0.976[0m
Found output which causes difference in models' predictions.
[92mcovered neurons percentage 6880 neurons 0.979, 9904 neurons 0.967, 10024 neurons 0.984[0m
[92maveraged covered neurons 0.976[0m
Found output which causes difference in models' predictions.
[92mcovered neurons percentage 6880 neurons 0.979, 9904 neurons 0.968, 10024 neurons 0.984[0m
[92maveraged covered neurons 0.977[0m
Found output which causes difference in models' predictions.
[92mcovered neurons percentage 6880 neurons 0.979, 9904 neurons 0.968, 10024 neurons 0.984[0m
[92maveraged covered neurons 0.977[0m
Found output which causes difference in models' predictions.
[92mcovered neurons percentage 6880 neurons 0.979, 9904 neurons 0.968, 10024 neurons 0.984[0m
[92maveraged covered neurons 0.977[0m
Found output which causes difference in models' predictions.
[92mcovered neurons percentage 6880 neurons 0.979, 9904 neurons 0.968, 10024 neurons 0.984[0m
[92maveraged covered neurons 0.977[0m
Found output which causes difference in models' predictions.
[92mcovered neurons percentage 6880 neurons 0.979, 9904 neurons 0.968, 10024 neurons 0.984[0m
[92maveraged covered neurons 0.977[0m
Found output which causes difference in models' predictions.
[92mcovered neurons percentage 6880 neurons 0.979, 9904 neurons 0.968, 10024 neurons 0.984[0m
[92maveraged covered neurons 0.977[0m
Found output which causes difference in models' predictions.
[92mcovered neurons percentage 6880 neurons 0.980, 9904 neurons 0.968, 10024 neurons 0.984[0m
[92maveraged covered neurons 0.977[0m
Found output which causes difference in models' predictions.
[92mcovered neurons percentage 6880 neurons 0.980, 9904 neurons 0.968, 10024 neurons 0.984[0m
[92maveraged covered neurons 0.977[0m
Found output which causes difference in models' predictions.
[92mcovered neurons percentage 6880 neurons 0.980, 9904 neurons 0.968, 10024 neurons 0.984[0m
[92maveraged covered neurons 0.977[0m
Found output which causes difference in models' predictions.
[92mcovered neurons percentage 6880 neurons 0.980, 9904 neurons 0.968, 10024 neurons 0.984[0m
[92maveraged covered neurons 0.977[0m
Found output which causes difference in models' predictions.
[92mcovered neurons percentage 6880 neurons 0.980, 9904 neurons 0.968, 10024 neurons 0.985[0m
[92maveraged covered neurons 0.977[0m
Found output which causes difference in models' predictions.
[92mcovered neurons percentage 6880 neurons 0.980, 9904 neurons 0.968, 10024 neurons 0.985[0m
[92maveraged covered neurons 0.977[0m
Found output which causes difference in models' predictions.
[92mcovered neurons percentage 6880 neurons 0.980, 9904 neurons 0.968, 10024 neurons 0.985[0m
[92maveraged covered neurons 0.977[0m
Found output which causes difference in models' predictions.
[92mcovered neurons percentage 6880 neurons 0.980, 9904 neurons 0.968, 10024 neurons 0.985[0m
[92maveraged covered neurons 0.977[0m
Found output which causes difference in models' predictions.
[92mcovered neurons percentage 6880 neurons 0.980, 9904 neurons 0.968, 10024 neurons 0.985[0m
[92maveraged covered neurons 0.977[0m
Found output which causes difference in models' predictions.
[92mcovered neurons percentage 6880 neurons 0.980, 9904 neurons 0.968, 10024 neurons 0.985[0m
[92maveraged covered neurons 0.977[0m
Found output which causes difference in models' predictions.
[92mcovered neurons percentage 6880 neurons 0.980, 9904 neurons 0.968, 10024 neurons 0.985[0m
[92maveraged covered neurons 0.977[0m
[92minput already causes different outputs: 7, 3, 7[0m
[92mcovered neurons percentage 6880 neurons 0.980, 9904 neurons 0.969, 10024 neurons 0.985[0m
[92maveraged covered neurons 0.978[0m
[92minput already causes different outputs: 2, 4, 4[0m
[92mcovered neurons percentage 6880 neurons 0.982, 9904 neurons 0.970, 10024 neurons 0.986[0m
[92maveraged covered neurons 0.979[0m
Found output which causes difference in models' predictions.
[92mcovered neurons percentage 6880 neurons 0.982, 9904 neurons 0.970, 10024 neurons 0.987[0m
[92maveraged covered neurons 0.979[0m
Found output which causes difference in models' predictions.
[92mcovered neurons percentage 6880 neurons 0.982, 9904 neurons 0.970, 10024 neurons 0.987[0m
[92maveraged covered neurons 0.979[0m
Found output which causes difference in models' predictions.
[92mcovered neurons percentage 6880 neurons 0.982, 9904 neurons 0.970, 10024 neurons 0.987[0m
[92maveraged covered neurons 0.979[0m
Found output which causes difference in models' predictions.
[92mcovered neurons percentage 6880 neurons 0.982, 9904 neurons 0.970, 10024 neurons 0.987[0m
[92maveraged covered neurons 0.979[0m
Found output which causes difference in models' predictions.
[92mcovered neurons percentage 6880 neurons 0.982, 9904 neurons 0.970, 10024 neurons 0.987[0m
[92maveraged covered neurons 0.979[0m
Found output which causes difference in models' predictions.
[92mcovered neurons percentage 6880 neurons 0.982, 9904 neurons 0.970, 10024 neurons 0.987[0m
[92maveraged covered neurons 0.979[0m
[92minput already causes different outputs: 6, 0, 6[0m
[92mcovered neurons percentage 6880 neurons 0.982, 9904 neurons 0.970, 10024 neurons 0.987[0m
[92maveraged covered neurons 0.979[0m
Found output which causes difference in models' predictions.
[92mcovered neurons percentage 6880 neurons 0.982, 9904 neurons 0.971, 10024 neurons 0.987[0m
[92maveraged covered neurons 0.980[0m
Found output which causes difference in models' predictions.
[92mcovered neurons percentage 6880 neurons 0.983, 9904 neurons 0.972, 10024 neurons 0.988[0m
[92maveraged covered neurons 0.981[0m
Found output which causes difference in models' predictions.
[92mcovered neurons percentage 6880 neurons 0.983, 9904 neurons 0.972, 10024 neurons 0.988[0m
[92maveraged covered neurons 0.981[0m
Found output which causes difference in models' predictions.
[92mcovered neurons percentage 6880 neurons 0.983, 9904 neurons 0.972, 10024 neurons 0.988[0m
[92maveraged covered neurons 0.981[0m
Found output which causes difference in models' predictions.
[92mcovered neurons percentage 6880 neurons 0.983, 9904 neurons 0.972, 10024 neurons 0.988[0m
[92maveraged covered neurons 0.981[0m
Found output which causes difference in models' predictions.
[92mcovered neurons percentage 6880 neurons 0.983, 9904 neurons 0.972, 10024 neurons 0.988[0m
[92maveraged covered neurons 0.981[0m
Found output which causes difference in models' predictions.
[92mcovered neurons percentage 6880 neurons 0.983, 9904 neurons 0.972, 10024 neurons 0.988[0m
[92maveraged covered neurons 0.981[0m
Found output which causes difference in models' predictions.
[92mcovered neurons percentage 6880 neurons 0.983, 9904 neurons 0.972, 10024 neurons 0.988[0m
[92maveraged covered neurons 0.981[0m
Found output which causes difference in models' predictions.
[92mcovered neurons percentage 6880 neurons 0.983, 9904 neurons 0.973, 100